app/build/intermediates/manifest_merge_blame_file/debug/manifest-merger-blame-debug-report.txt
1<?xml version="1.0" encoding="utf-8"?>
2<manifest xmlns:android="http://schemas.android.com/apk/res/android"
3    package="nk00322.surrey.petsearch"
4    android:versionCode="1"
5    android:versionName="1.0-null" >
6
7    <uses-sdk
8        android:minSdkVersion="15"
8-->src\main\AndroidManifest.xml
9        android:targetSdkVersion="28" />
9-->src\main\AndroidManifest.xml
10
11    <uses-permission android:name="android.permission.ACCESS_NETWORK_STATE" />
11-->[com.google.firebase:firebase-database:16.0.4] AndroidManifest.xml:22:5-79
11-->[com.google.firebase:firebase-database:16.0.4] AndroidManifest.xml:22:22-76
12    <uses-permission android:name="android.permission.INTERNET" />
12-->[com.google.firebase:firebase-database:16.0.4] AndroidManifest.xml:23:5-67
12-->[com.google.firebase:firebase-database:16.0.4] AndroidManifest.xml:23:22-64
13
14    <application
14-->src\main\AndroidManifest.xml:5:5-20:19
15        android:allowBackup="true"
15-->src\main\AndroidManifest.xml:6:9-35
16        android:appComponentFactory="android.support.v4.app.CoreComponentFactory"
16-->[com.android.support:support-compat:28.0.0] AndroidManifest.xml:22:18-91
17        android:debuggable="true"
18        android:fullBackupContent="@xml/my_backup_rules"
18-->src\main\AndroidManifest.xml:7:9-57
19        android:icon="@mipmap/ic_launcher"
19-->src\main\AndroidManifest.xml:8:9-43
20        android:label="@string/app_name"
20-->src\main\AndroidManifest.xml:9:9-41
21        android:roundIcon="@mipmap/ic_launcher_round"
21-->src\main\AndroidManifest.xml:10:9-54
22        android:supportsRtl="true"
22-->src\main\AndroidManifest.xml:11:9-35
23        android:testOnly="true"
24        android:theme="@style/AppTheme" >
24-->src\main\AndroidManifest.xml:12:9-40
25        <activity android:name="nk00322.surrey.petsearch.MainActivity" >
25-->src\main\AndroidManifest.xml:13:9-19:20
25-->src\main\AndroidManifest.xml:13:19-71
26            <intent-filter>
26-->src\main\AndroidManifest.xml:14:13-18:29
27                <action android:name="android.intent.action.MAIN" />
27-->src\main\AndroidManifest.xml:15:17-69
27-->src\main\AndroidManifest.xml:15:25-66
28
29                <category android:name="android.intent.category.LAUNCHER" />
29-->src\main\AndroidManifest.xml:17:17-77
29-->src\main\AndroidManifest.xml:17:27-74
30            </intent-filter>
31        </activity>
32        <activity
32-->[com.google.android.gms:play-services-base:16.0.1] AndroidManifest.xml:23:9-26:75
33            android:name="com.google.android.gms.common.api.GoogleApiActivity"
33-->[com.google.android.gms:play-services-base:16.0.1] AndroidManifest.xml:24:13-79
34            android:exported="false"
34-->[com.google.android.gms:play-services-base:16.0.1] AndroidManifest.xml:25:13-37
35            android:theme="@android:style/Theme.Translucent.NoTitleBar" />
35-->[com.google.android.gms:play-services-base:16.0.1] AndroidManifest.xml:26:13-72
36
37        <provider
37-->[com.google.firebase:firebase-common:16.0.3] AndroidManifest.xml:10:9-14:39
38            android:name="com.google.firebase.provider.FirebaseInitProvider"
38-->[com.google.firebase:firebase-common:16.0.3] AndroidManifest.xml:11:13-77
39            android:authorities="nk00322.surrey.petsearch.firebaseinitprovider"
39-->[com.google.firebase:firebase-common:16.0.3] AndroidManifest.xml:12:13-72
40            android:exported="false"
40-->[com.google.firebase:firebase-common:16.0.3] AndroidManifest.xml:13:13-37
41            android:initOrder="100" />
41-->[com.google.firebase:firebase-common:16.0.3] AndroidManifest.xml:14:13-36
42
43        <meta-data
43-->[com.google.android.gms:play-services-basement:16.0.1] AndroidManifest.xml:23:9-25:69
44            android:name="com.google.android.gms.version"
44-->[com.google.android.gms:play-services-basement:16.0.1] AndroidManifest.xml:24:13-58
45            android:value="@integer/google_play_services_version" />
45-->[com.google.android.gms:play-services-basement:16.0.1] AndroidManifest.xml:25:13-66
46        <meta-data
46-->[com.android.support:support-v4:26.1.0] AndroidManifest.xml:26:9-28:38
47            android:name="android.support.VERSION"
47-->[com.android.support:support-v4:26.1.0] AndroidManifest.xml:27:13-51
48            android:value="26.1.0" />
48-->[com.android.support:support-v4:26.1.0] AndroidManifest.xml:28:13-35
49    </application>
50
51</manifest>